thebibleapp301/build/app/intermediates/manifest_merge_blame_file/debug/manifest-merger-blame-debug-report.txt
1<?xml version="1.0" encoding="utf-8"?>
2<manifest xmlns:android="http://schemas.android.com/apk/res/android"
3    package="com.codememory.thebibleapp"
4    android:versionCode="1"
5    android:versionName="1.0.1" >
6
7    <uses-sdk
8        android:minSdkVersion="19"
9        android:targetSdkVersion="29" />
10    <!--
11         Flutter needs it to communicate with the running application
12         to allow setting breakpoints, to provide hot reload, etc.
13    -->
14    <uses-permission android:name="android.permission.INTERNET" />
14-->src/debug/AndroidManifest.xml:6:5-66
14-->src/debug/AndroidManifest.xml:6:22-64
15    <uses-permission android:name="android.permission.ACCESS_NETWORK_STATE" /> <!-- Android package visibility setting -->
15-->[com.google.android.gms:play-services-ads-lite:19.7.0] AndroidManifest.xml:24:5-79
15-->[com.google.android.gms:play-services-ads-lite:19.7.0] AndroidManifest.xml:24:22-76
16    <queries>
16-->[com.google.android.gms:play-services-ads-lite:19.7.0] AndroidManifest.xml:27:5-43:15
17
18        <!-- For browser content -->
19        <intent>
19-->[com.google.android.gms:play-services-ads-lite:19.7.0] AndroidManifest.xml:30:9-36:18
20            <action android:name="android.intent.action.VIEW" />
20-->[com.google.android.gms:play-services-ads-lite:19.7.0] AndroidManifest.xml:31:13-65
20-->[com.google.android.gms:play-services-ads-lite:19.7.0] AndroidManifest.xml:31:21-62
21
22            <category android:name="android.intent.category.BROWSABLE" />
22-->[com.google.android.gms:play-services-ads-lite:19.7.0] AndroidManifest.xml:33:13-74
22-->[com.google.android.gms:play-services-ads-lite:19.7.0] AndroidManifest.xml:33:23-71
23
24            <data android:scheme="https" />
24-->[com.google.android.gms:play-services-ads-lite:19.7.0] AndroidManifest.xml:35:13-44
24-->[com.google.android.gms:play-services-ads-lite:19.7.0] AndroidManifest.xml:35:19-41
25        </intent>
26        <!-- End of browser content -->
27        <!-- For CustomTabsService -->
28        <intent>
28-->[com.google.android.gms:play-services-ads-lite:19.7.0] AndroidManifest.xml:30:9-36:18
29            <action android:name="android.support.customtabs.action.CustomTabsService" />
30        </intent>
31        <!-- End of CustomTabsService -->
32    </queries>
33
34    <uses-permission android:name="android.permission.WAKE_LOCK" />
34-->[com.google.android.gms:play-services-measurement-sdk-api:17.5.0] AndroidManifest.xml:25:5-68
34-->[com.google.android.gms:play-services-measurement-sdk-api:17.5.0] AndroidManifest.xml:25:22-65
35    <uses-permission android:name="android.permission.RECEIVE_BOOT_COMPLETED" /> <!-- Permission will be merged into the manifest of the hosting app. -->
35-->[androidx.work:work-runtime:2.1.0] AndroidManifest.xml:27:5-81
35-->[androidx.work:work-runtime:2.1.0] AndroidManifest.xml:27:22-78
36    <!-- Is required to launch foreground extraction service for targetSdkVersion 28+. -->
37    <uses-permission android:name="android.permission.FOREGROUND_SERVICE" />
37-->[com.google.android.play:core:1.8.0] AndroidManifest.xml:8:3-74
37-->[com.google.android.play:core:1.8.0] AndroidManifest.xml:8:20-72
38    <!--
39 io.flutter.app.FlutterApplication is an android.app.Application that
40         calls FlutterMain.startInitialization(this); in its onCreate method.
41         In most cases you can leave this as-is, but you if you want to provide
42         additional functionality it is fine to subclass or reimplement
43         FlutterApplication and put your custom class here.
44    -->
45    <application
45-->src/main/AndroidManifest.xml:8:5-50:19
46        android:name="io.flutter.app.FlutterApplication"
46-->src/main/AndroidManifest.xml:9:9-57
47        android:appComponentFactory="androidx.core.app.CoreComponentFactory"
47-->[androidx.core:core:1.2.0] AndroidManifest.xml:24:18-86
48        android:debuggable="true"
49        android:icon="@mipmap/ic_launcher"
49-->src/main/AndroidManifest.xml:11:9-43
50        android:label="The Bible App" >
50-->src/main/AndroidManifest.xml:10:9-38
51        <activity
51-->src/main/AndroidManifest.xml:12:9-40:20
52            android:name="com.codememory.thebibleapp.MainActivity"
52-->src/main/AndroidManifest.xml:13:13-41
53            android:configChanges="orientation|keyboardHidden|keyboard|screenSize|smallestScreenSize|locale|layoutDirection|fontScale|screenLayout|density|uiMode"
53-->src/main/AndroidManifest.xml:16:13-163
54            android:hardwareAccelerated="true"
54-->src/main/AndroidManifest.xml:17:13-47
55            android:launchMode="singleTop"
55-->src/main/AndroidManifest.xml:14:13-43
56            android:theme="@style/LaunchTheme"
56-->src/main/AndroidManifest.xml:15:13-47
57            android:windowSoftInputMode="adjustResize" >
57-->src/main/AndroidManifest.xml:18:13-55
58
59            <!--
60                 Specifies an Android theme to apply to this Activity as soon as
61                 the Android process has started. This theme is visible to the user
62                 while the Flutter UI initializes. After that, this theme continues
63                 to determine the Window background behind the Flutter UI.
64            -->
65            <meta-data
65-->src/main/AndroidManifest.xml:23:13-26:17
66                android:name="io.flutter.embedding.android.NormalTheme"
66-->src/main/AndroidManifest.xml:24:15-70
67                android:resource="@style/NormalTheme" />
67-->src/main/AndroidManifest.xml:25:15-52
68            <!--
69                 Displays an Android View that continues showing the launch screen
70                 Drawable until Flutter paints its first frame, then this splash
71                 screen fades out. A splash screen is useful to avoid any visual
72                 gap between the end of Android's launch screen and the painting of
73                 Flutter's first frame.
74            -->
75            <meta-data
75-->src/main/AndroidManifest.xml:32:13-35:17
76                android:name="io.flutter.embedding.android.SplashScreenDrawable"
76-->src/main/AndroidManifest.xml:33:15-79
77                android:resource="@drawable/launch_background" />
77-->src/main/AndroidManifest.xml:34:15-61
78
79            <intent-filter>
79-->src/main/AndroidManifest.xml:36:13-39:29
80                <action android:name="android.intent.action.MAIN" />
80-->src/main/AndroidManifest.xml:37:17-68
80-->src/main/AndroidManifest.xml:37:25-66
81
82                <category android:name="android.intent.category.LAUNCHER" />
82-->src/main/AndroidManifest.xml:38:17-76
82-->src/main/AndroidManifest.xml:38:27-74
83            </intent-filter>
84        </activity>
85        <!--
86             Don't delete the meta-data below.
87             This is used by the Flutter tool to generate GeneratedPluginRegistrant.java
88        -->
89        <meta-data
89-->src/main/AndroidManifest.xml:43:9-45:33
90            android:name="flutterEmbedding"
90-->src/main/AndroidManifest.xml:44:13-44
91            android:value="2" />
91-->src/main/AndroidManifest.xml:45:13-30
92        <meta-data
92-->src/main/AndroidManifest.xml:47:9-49:69
93            android:name="com.google.android.gms.ads.APPLICATION_ID"
93-->src/main/AndroidManifest.xml:48:13-69
94            android:value="ca-app-pub-3940256099942544~3347511713" />
94-->src/main/AndroidManifest.xml:49:13-67
95
96        <activity
96-->[:url_launcher] AndroidManifest.xml:8:9-11:74
97            android:name="io.flutter.plugins.urllauncher.WebViewActivity"
97-->[:url_launcher] AndroidManifest.xml:9:13-74
98            android:exported="false"
98-->[:url_launcher] AndroidManifest.xml:10:13-37
99            android:theme="@android:style/Theme.NoTitleBar.Fullscreen" />
99-->[:url_launcher] AndroidManifest.xml:11:13-71
100
101        <meta-data
101-->[:google_mobile_ads] AndroidManifest.xml:10:9-12:36
102            android:name="io.flutter.embedded_views_preview"
102-->[:google_mobile_ads] AndroidManifest.xml:11:13-61
103            android:value="true" /> <!-- Include the AdActivity and InAppPurchaseActivity configChanges and themes. -->
103-->[:google_mobile_ads] AndroidManifest.xml:12:13-33
104        <activity
104-->[com.google.android.gms:play-services-ads-lite:19.7.0] AndroidManifest.xml:48:9-52:64
105            android:name="com.google.android.gms.ads.AdActivity"
105-->[com.google.android.gms:play-services-ads-lite:19.7.0] AndroidManifest.xml:49:13-65
106            android:configChanges="keyboard|keyboardHidden|orientation|screenLayout|uiMode|screenSize|smallestScreenSize"
106-->[com.google.android.gms:play-services-ads-lite:19.7.0] AndroidManifest.xml:50:13-122
107            android:exported="false"
107-->[com.google.android.gms:play-services-ads-lite:19.7.0] AndroidManifest.xml:51:13-37
108            android:theme="@android:style/Theme.Translucent" />
108-->[com.google.android.gms:play-services-ads-lite:19.7.0] AndroidManifest.xml:52:13-61
109
110        <provider
110-->[com.google.android.gms:play-services-ads-lite:19.7.0] AndroidManifest.xml:54:9-58:39
111            android:name="com.google.android.gms.ads.MobileAdsInitProvider"
111-->[com.google.android.gms:play-services-ads-lite:19.7.0] AndroidManifest.xml:55:13-76
112            android:authorities="com.codememory.thebibleapp.mobileadsinitprovider"
112-->[com.google.android.gms:play-services-ads-lite:19.7.0] AndroidManifest.xml:56:13-73
113            android:exported="false"
113-->[com.google.android.gms:play-services-ads-lite:19.7.0] AndroidManifest.xml:57:13-37
114            android:initOrder="100" />
114-->[com.google.android.gms:play-services-ads-lite:19.7.0] AndroidManifest.xml:58:13-36
115
116        <service
116-->[com.google.android.gms:play-services-ads-lite:19.7.0] AndroidManifest.xml:60:9-63:40
117            android:name="com.google.android.gms.ads.AdService"
117-->[com.google.android.gms:play-services-ads-lite:19.7.0] AndroidManifest.xml:61:13-64
118            android:enabled="true"
118-->[com.google.android.gms:play-services-ads-lite:19.7.0] AndroidManifest.xml:62:13-35
119            android:exported="false" />
119-->[com.google.android.gms:play-services-ads-lite:19.7.0] AndroidManifest.xml:63:13-37
120
121        <meta-data
121-->[com.google.android.gms:play-services-basement:17.3.0] AndroidManifest.xml:23:9-25:69
122            android:name="com.google.android.gms.version"
122-->[com.google.android.gms:play-services-basement:17.3.0] AndroidManifest.xml:24:13-58
123            android:value="@integer/google_play_services_version" />
123-->[com.google.android.gms:play-services-basement:17.3.0] AndroidManifest.xml:25:13-66
124
125        <provider
125-->[androidx.work:work-runtime:2.1.0] AndroidManifest.xml:30:9-36:35
126            android:name="androidx.work.impl.WorkManagerInitializer"
126-->[androidx.work:work-runtime:2.1.0] AndroidManifest.xml:31:13-69
127            android:authorities="com.codememory.thebibleapp.workmanager-init"
127-->[androidx.work:work-runtime:2.1.0] AndroidManifest.xml:32:13-68
128            android:directBootAware="false"
128-->[androidx.work:work-runtime:2.1.0] AndroidManifest.xml:33:13-44
129            android:exported="false"
129-->[androidx.work:work-runtime:2.1.0] AndroidManifest.xml:34:13-37
130            android:multiprocess="true" />
130-->[androidx.work:work-runtime:2.1.0] AndroidManifest.xml:35:13-40
131
132        <service
132-->[androidx.work:work-runtime:2.1.0] AndroidManifest.xml:38:9-43:35
133            android:name="androidx.work.impl.background.systemalarm.SystemAlarmService"
133-->[androidx.work:work-runtime:2.1.0] AndroidManifest.xml:39:13-88
134            android:directBootAware="false"
134-->[androidx.work:work-runtime:2.1.0] AndroidManifest.xml:40:13-44
135            android:enabled="@bool/enable_system_alarm_service_default"
135-->[androidx.work:work-runtime:2.1.0] AndroidManifest.xml:41:13-72
136            android:exported="false" />
136-->[androidx.work:work-runtime:2.1.0] AndroidManifest.xml:42:13-37
137        <service
137-->[androidx.work:work-runtime:2.1.0] AndroidManifest.xml:44:9-50:35
138            android:name="androidx.work.impl.background.systemjob.SystemJobService"
138-->[androidx.work:work-runtime:2.1.0] AndroidManifest.xml:45:13-84
139            android:directBootAware="false"
139-->[androidx.work:work-runtime:2.1.0] AndroidManifest.xml:46:13-44
140            android:enabled="@bool/enable_system_job_service_default"
140-->[androidx.work:work-runtime:2.1.0] AndroidManifest.xml:47:13-70
141            android:exported="true"
141-->[androidx.work:work-runtime:2.1.0] AndroidManifest.xml:48:13-36
142            android:permission="android.permission.BIND_JOB_SERVICE" />
142-->[androidx.work:work-runtime:2.1.0] AndroidManifest.xml:49:13-69
143
144        <receiver
144-->[androidx.work:work-runtime:2.1.0] AndroidManifest.xml:52:9-57:35
145            android:name="androidx.work.impl.utils.ForceStopRunnable$BroadcastReceiver"
145-->[androidx.work:work-runtime:2.1.0] AndroidManifest.xml:53:13-88
146            android:directBootAware="false"
146-->[androidx.work:work-runtime:2.1.0] AndroidManifest.xml:54:13-44
147            android:enabled="true"
147-->[androidx.work:work-runtime:2.1.0] AndroidManifest.xml:55:13-35
148            android:exported="false" />
148-->[androidx.work:work-runtime:2.1.0] AndroidManifest.xml:56:13-37
149        <receiver
149-->[androidx.work:work-runtime:2.1.0] AndroidManifest.xml:58:9-68:20
150            android:name="androidx.work.impl.background.systemalarm.ConstraintProxy$BatteryChargingProxy"
150-->[androidx.work:work-runtime:2.1.0] AndroidManifest.xml:59:13-106
151            android:directBootAware="false"
151-->[androidx.work:work-runtime:2.1.0] AndroidManifest.xml:60:13-44
152            android:enabled="false"
152-->[androidx.work:work-runtime:2.1.0] AndroidManifest.xml:61:13-36
153            android:exported="false" >
153-->[androidx.work:work-runtime:2.1.0] AndroidManifest.xml:62:13-37
154            <intent-filter>
154-->[androidx.work:work-runtime:2.1.0] AndroidManifest.xml:64:13-67:29
155                <action android:name="android.intent.action.ACTION_POWER_CONNECTED" />
155-->[androidx.work:work-runtime:2.1.0] AndroidManifest.xml:65:17-87
155-->[androidx.work:work-runtime:2.1.0] AndroidManifest.xml:65:25-84
156                <action android:name="android.intent.action.ACTION_POWER_DISCONNECTED" />
156-->[androidx.work:work-runtime:2.1.0] AndroidManifest.xml:66:17-90
156-->[androidx.work:work-runtime:2.1.0] AndroidManifest.xml:66:25-87
157            </intent-filter>
158        </receiver>
159        <receiver
159-->[androidx.work:work-runtime:2.1.0] AndroidManifest.xml:69:9-79:20
160            android:name="androidx.work.impl.background.systemalarm.ConstraintProxy$BatteryNotLowProxy"
160-->[androidx.work:work-runtime:2.1.0] AndroidManifest.xml:70:13-104
161            android:directBootAware="false"
161-->[androidx.work:work-runtime:2.1.0] AndroidManifest.xml:71:13-44
162            android:enabled="false"
162-->[androidx.work:work-runtime:2.1.0] AndroidManifest.xml:72:13-36
163            android:exported="false" >
163-->[androidx.work:work-runtime:2.1.0] AndroidManifest.xml:73:13-37
164            <intent-filter>
164-->[androidx.work:work-runtime:2.1.0] AndroidManifest.xml:75:13-78:29
165                <action android:name="android.intent.action.BATTERY_OKAY" />
165-->[androidx.work:work-runtime:2.1.0] AndroidManifest.xml:76:17-77
165-->[androidx.work:work-runtime:2.1.0] AndroidManifest.xml:76:25-74
166                <action android:name="android.intent.action.BATTERY_LOW" />
166-->[androidx.work:work-runtime:2.1.0] AndroidManifest.xml:77:17-76
166-->[androidx.work:work-runtime:2.1.0] AndroidManifest.xml:77:25-73
167            </intent-filter>
168        </receiver>
169        <receiver
169-->[androidx.work:work-runtime:2.1.0] AndroidManifest.xml:80:9-90:20
170            android:name="androidx.work.impl.background.systemalarm.ConstraintProxy$StorageNotLowProxy"
170-->[androidx.work:work-runtime:2.1.0] AndroidManifest.xml:81:13-104
171            android:directBootAware="false"
171-->[androidx.work:work-runtime:2.1.0] AndroidManifest.xml:82:13-44
172            android:enabled="false"
172-->[androidx.work:work-runtime:2.1.0] AndroidManifest.xml:83:13-36
173            android:exported="false" >
173-->[androidx.work:work-runtime:2.1.0] AndroidManifest.xml:84:13-37
174            <intent-filter>
174-->[androidx.work:work-runtime:2.1.0] AndroidManifest.xml:86:13-89:29
175                <action android:name="android.intent.action.DEVICE_STORAGE_LOW" />
175-->[androidx.work:work-runtime:2.1.0] AndroidManifest.xml:87:17-83
175-->[androidx.work:work-runtime:2.1.0] AndroidManifest.xml:87:25-80
176                <action android:name="android.intent.action.DEVICE_STORAGE_OK" />
176-->[androidx.work:work-runtime:2.1.0] AndroidManifest.xml:88:17-82
176-->[androidx.work:work-runtime:2.1.0] AndroidManifest.xml:88:25-79
177            </intent-filter>
178        </receiver>
179        <receiver
179-->[androidx.work:work-runtime:2.1.0] AndroidManifest.xml:91:9-100:20
180            android:name="androidx.work.impl.background.systemalarm.ConstraintProxy$NetworkStateProxy"
180-->[androidx.work:work-runtime:2.1.0] AndroidManifest.xml:92:13-103
181            android:directBootAware="false"
181-->[androidx.work:work-runtime:2.1.0] AndroidManifest.xml:93:13-44
182            android:enabled="false"
182-->[androidx.work:work-runtime:2.1.0] AndroidManifest.xml:94:13-36
183            android:exported="false" >
183-->[androidx.work:work-runtime:2.1.0] AndroidManifest.xml:95:13-37
184            <intent-filter>
184-->[androidx.work:work-runtime:2.1.0] AndroidManifest.xml:97:13-99:29
185                <action android:name="android.net.conn.CONNECTIVITY_CHANGE" />
185-->[androidx.work:work-runtime:2.1.0] AndroidManifest.xml:98:17-79
185-->[androidx.work:work-runtime:2.1.0] AndroidManifest.xml:98:25-76
186            </intent-filter>
187        </receiver>
188        <receiver
188-->[androidx.work:work-runtime:2.1.0] AndroidManifest.xml:101:9-112:20
189            android:name="androidx.work.impl.background.systemalarm.RescheduleReceiver"
189-->[androidx.work:work-runtime:2.1.0] AndroidManifest.xml:102:13-88
190            android:directBootAware="false"
190-->[androidx.work:work-runtime:2.1.0] AndroidManifest.xml:103:13-44
191            android:enabled="false"
191-->[androidx.work:work-runtime:2.1.0] AndroidManifest.xml:104:13-36
192            android:exported="false" >
192-->[androidx.work:work-runtime:2.1.0] AndroidManifest.xml:105:13-37
193            <intent-filter>
193-->[androidx.work:work-runtime:2.1.0] AndroidManifest.xml:107:13-111:29
194                <action android:name="android.intent.action.BOOT_COMPLETED" />
194-->[androidx.work:work-runtime:2.1.0] AndroidManifest.xml:108:17-79
194-->[androidx.work:work-runtime:2.1.0] AndroidManifest.xml:108:25-76
195                <action android:name="android.intent.action.TIME_SET" />
195-->[androidx.work:work-runtime:2.1.0] AndroidManifest.xml:109:17-73
195-->[androidx.work:work-runtime:2.1.0] AndroidManifest.xml:109:25-70
196                <action android:name="android.intent.action.TIMEZONE_CHANGED" />
196-->[androidx.work:work-runtime:2.1.0] AndroidManifest.xml:110:17-81
196-->[androidx.work:work-runtime:2.1.0] AndroidManifest.xml:110:25-78
197            </intent-filter>
198        </receiver>
199        <receiver
199-->[androidx.work:work-runtime:2.1.0] AndroidManifest.xml:113:9-122:20
200            android:name="androidx.work.impl.background.systemalarm.ConstraintProxyUpdateReceiver"
200-->[androidx.work:work-runtime:2.1.0] AndroidManifest.xml:114:13-99
201            android:directBootAware="false"
201-->[androidx.work:work-runtime:2.1.0] AndroidManifest.xml:115:13-44
202            android:enabled="@bool/enable_system_alarm_service_default"
202-->[androidx.work:work-runtime:2.1.0] AndroidManifest.xml:116:13-72
203            android:exported="false" >
203-->[androidx.work:work-runtime:2.1.0] AndroidManifest.xml:117:13-37
204            <intent-filter>
204-->[androidx.work:work-runtime:2.1.0] AndroidManifest.xml:119:13-121:29
205                <action android:name="androidx.work.impl.background.systemalarm.UpdateProxies" />
205-->[androidx.work:work-runtime:2.1.0] AndroidManifest.xml:120:17-98
205-->[androidx.work:work-runtime:2.1.0] AndroidManifest.xml:120:25-95
206            </intent-filter>
207        </receiver>
208
209        <service
209-->[androidx.room:room-runtime:2.1.0] AndroidManifest.xml:25:9-27:40
210            android:name="androidx.room.MultiInstanceInvalidationService"
210-->[androidx.room:room-runtime:2.1.0] AndroidManifest.xml:26:13-74
211            android:exported="false" /> <!-- The activities will be merged into the manifest of the hosting app. -->
211-->[androidx.room:room-runtime:2.1.0] AndroidManifest.xml:27:13-37
212        <activity
212-->[com.google.android.play:core:1.8.0] AndroidManifest.xml:12:5-271
213            android:name="com.google.android.play.core.missingsplits.PlayCoreMissingSplitsActivity"
213-->[com.google.android.play:core:1.8.0] AndroidManifest.xml:12:15-102
214            android:enabled="false"
214-->[com.google.android.play:core:1.8.0] AndroidManifest.xml:12:103-126
215            android:exported="false"
215-->[com.google.android.play:core:1.8.0] AndroidManifest.xml:12:127-151
216            android:launchMode="singleInstance"
216-->[com.google.android.play:core:1.8.0] AndroidManifest.xml:12:204-239
217            android:process=":playcore_missing_splits_activity"
217-->[com.google.android.play:core:1.8.0] AndroidManifest.xml:12:152-203
218            android:stateNotNeeded="true" />
218-->[com.google.android.play:core:1.8.0] AndroidManifest.xml:12:240-269
219        <activity
219-->[com.google.android.play:core:1.8.0] AndroidManifest.xml:13:5-226
220            android:name="com.google.android.play.core.common.PlayCoreDialogWrapperActivity"
220-->[com.google.android.play:core:1.8.0] AndroidManifest.xml:13:15-95
221            android:enabled="false"
221-->[com.google.android.play:core:1.8.0] AndroidManifest.xml:13:96-119
222            android:exported="false"
222-->[com.google.android.play:core:1.8.0] AndroidManifest.xml:13:120-144
223            android:stateNotNeeded="true"
223-->[com.google.android.play:core:1.8.0] AndroidManifest.xml:13:145-174
224            android:theme="@style/Theme.PlayCore.Transparent" /> <!-- The service will be merged into the manifest of the hosting app. -->
224-->[com.google.android.play:core:1.8.0] AndroidManifest.xml:13:175-224
225        <service
225-->[com.google.android.play:core:1.8.0] AndroidManifest.xml:16:5-145
226            android:name="com.google.android.play.core.assetpacks.AssetPackExtractionService"
226-->[com.google.android.play:core:1.8.0] AndroidManifest.xml:16:14-95
227            android:enabled="false"
227-->[com.google.android.play:core:1.8.0] AndroidManifest.xml:16:96-119
228            android:exported="true" />
228-->[com.google.android.play:core:1.8.0] AndroidManifest.xml:16:120-143
229    </application>
230
231</manifest>